Using pre-set license
Built from '2021.3/staging' branch; Version is '2021.3.16f1 (4016570cf34f) revision 4200023'; Using compiler version '192829333'; Build Type 'Release'
OS: 'Windows 11  (10.0.22000) 64bit CoreSingleLanguage' Language: 'es' Physical Memory: 23925 MB
BatchMode: 1, IsHumanControllingUs: 0, StartBugReporterOnCrash: 0, Is64bit: 1, IsPro: 1

COMMAND LINE ARGUMENTS:
C:\Program Files\Unity\Hub\Editor\2021.3.16f1\Editor\Unity.exe
-adb2
-batchMode
-noUpm
-name
AssetImportWorker0
-projectPath
C:/Users/carlo/OneDrive/Escritorio/Autodidacta
-logFile
Logs/AssetImportWorker0.log
-srvPort
57635
Successfully changed project path to: C:/Users/carlo/OneDrive/Escritorio/Autodidacta
C:/Users/carlo/OneDrive/Escritorio/Autodidacta
[UnityMemory] Configuration Parameters - Can be set up in boot.config
    "memorysetup-bucket-allocator-granularity=16"
    "memorysetup-bucket-allocator-bucket-count=8"
    "memorysetup-bucket-allocator-block-size=33554432"
    "memorysetup-bucket-allocator-block-count=8"
    "memorysetup-main-allocator-block-size=16777216"
    "memorysetup-thread-allocator-block-size=16777216"
    "memorysetup-gfx-main-allocator-block-size=16777216"
    "memorysetup-gfx-thread-allocator-block-size=16777216"
    "memorysetup-cache-allocator-block-size=4194304"
    "memorysetup-typetree-allocator-block-size=2097152"
    "memorysetup-profiler-bucket-allocator-granularity=16"
    "memorysetup-profiler-bucket-allocator-bucket-count=8"
    "memorysetup-profiler-bucket-allocator-block-size=33554432"
    "memorysetup-profiler-bucket-allocator-block-count=8"
    "memorysetup-profiler-allocator-block-size=16777216"
    "memorysetup-profiler-editor-allocator-block-size=1048576"
    "memorysetup-temp-allocator-size-main=16777216"
    "memorysetup-job-temp-allocator-block-size=2097152"
    "memorysetup-job-temp-allocator-block-size-background=1048576"
    "memorysetup-job-temp-allocator-reduction-small-platforms=262144"
    "memorysetup-temp-allocator-size-background-worker=32768"
    "memorysetup-temp-allocator-size-job-worker=262144"
    "memorysetup-temp-allocator-size-preload-manager=33554432"
    "memorysetup-temp-allocator-size-nav-mesh-worker=65536"
    "memorysetup-temp-allocator-size-audio-worker=65536"
    "memorysetup-temp-allocator-size-cloud-worker=32768"
    "memorysetup-temp-allocator-size-gi-baking-worker=262144"
    "memorysetup-temp-allocator-size-gfx=262144"
Player connection [29864] Host "[IP] 192.168.1.3 [Port] 0 [Flags] 2 [Guid] 3582189300 [EditorId] 3582189300 [Version] 1048832 [Id] WindowsEditor(7,CarlosRyder) [Debug] 1 [PackageName] WindowsEditor [ProjectName] Editor" joined multi-casting on [225.0.0.222:54997]...

Player connection [29864] Host "[IP] 192.168.1.3 [Port] 0 [Flags] 2 [Guid] 3582189300 [EditorId] 3582189300 [Version] 1048832 [Id] WindowsEditor(7,CarlosRyder) [Debug] 1 [PackageName] WindowsEditor [ProjectName] Editor" joined alternative multi-casting on [225.0.0.222:34997]...

Refreshing native plugins compatible for Editor in 173.36 ms, found 3 plugins.
Preloading 0 native plugins for Editor in 0.00 ms.
Initialize engine version: 2021.3.16f1 (4016570cf34f)
[Subsystems] Discovering subsystems at path C:/Program Files/Unity/Hub/Editor/2021.3.16f1/Editor/Data/Resources/UnitySubsystems
[Subsystems] Discovering subsystems at path C:/Users/carlo/OneDrive/Escritorio/Autodidacta/Assets
GfxDevice: creating device client; threaded=0; jobified=0
Direct3D:
    Version:  Direct3D 11.0 [level 11.1]
    Renderer: NVIDIA GeForce GTX 1650 Ti (ID=0x1f95)
    Vendor:   NVIDIA
    VRAM:     3949 MB
    Driver:   31.0.15.2656
Initialize mono
Mono path[0] = 'C:/Program Files/Unity/Hub/Editor/2021.3.16f1/Editor/Data/Managed'
Mono path[1] = 'C:/Program Files/Unity/Hub/Editor/2021.3.16f1/Editor/Data/MonoBleedingEdge/lib/mono/unityjit-win32'
Mono config path = 'C:/Program Files/Unity/Hub/Editor/2021.3.16f1/Editor/Data/MonoBleedingEdge/etc'
Using monoOptions --debugger-agent=transport=dt_socket,embedding=1,server=y,suspend=n,address=127.0.0.1:56984
Begin MonoManager ReloadAssembly
Registering precompiled unity dll's ...
Register platform support module: C:/Program Files/Unity/Hub/Editor/2021.3.16f1/Editor/Data/PlaybackEngines/WebGLSupport/UnityEditor.WebGL.Extensions.dll
Register platform support module: C:/Program Files/Unity/Hub/Editor/2021.3.16f1/Editor/Data/PlaybackEngines/WindowsStandaloneSupport/UnityEditor.WindowsStandalone.Extensions.dll
Registered in 0.004706 seconds.
Native extension for WindowsStandalone target not found
Native extension for WebGL target not found
Refreshing native plugins compatible for Editor in 166.09 ms, found 3 plugins.
Preloading 0 native plugins for Editor in 0.00 ms.
Mono: successfully reloaded assembly
- Completed reload, in  0.707 seconds
Domain Reload Profiling:
	ReloadAssembly (707ms)
		BeginReloadAssembly (75ms)
			ExecutionOrderSort (0ms)
			DisableScriptedObjects (0ms)
			BackupInstance (0ms)
			ReleaseScriptingObjects (0ms)
			CreateAndSetChildDomain (1ms)
		EndReloadAssembly (527ms)
			LoadAssemblies (73ms)
			RebuildTransferFunctionScriptingTraits (0ms)
			SetupTypeCache (106ms)
			ReleaseScriptCaches (0ms)
			RebuildScriptCaches (28ms)
			SetupLoadedEditorAssemblies (338ms)
				LogAssemblyErrors (0ms)
				InitializePlatformSupportModulesInManaged (8ms)
				SetLoadedEditorAssemblies (0ms)
				RefreshPlugins (166ms)
				BeforeProcessingInitializeOnLoad (1ms)
				ProcessInitializeOnLoadAttributes (115ms)
				ProcessInitializeOnLoadMethodAttributes (47ms)
				AfterProcessingInitializeOnLoad (0ms)
				EditorAssembliesLoaded (0ms)
			ExecutionOrderSort2 (0ms)
			AwakeInstancesAfterBackupRestoration (0ms)
Platform modules already initialized, skipping
Registering precompiled user dll's ...
Registered in 0.005720 seconds.
Begin MonoManager ReloadAssembly
Symbol file LoadedFromMemory doesn't match image C:\Users\carlo\OneDrive\Escritorio\Autodidacta\Library\PackageCache\com.unity.visualscripting@1.7.8\Editor\VisualScripting.Core\Dependencies\YamlDotNet\Unity.VisualScripting.YamlDotNet.dll
Symbol file LoadedFromMemory doesn't match image C:\Users\carlo\OneDrive\Escritorio\Autodidacta\Library\PackageCache\com.unity.visualscripting@1.7.8\Editor\VisualScripting.Core\Dependencies\DotNetZip\Unity.VisualScripting.IonicZip.dll
Native extension for WindowsStandalone target not found
Native extension for WebGL target not found
Refreshing native plugins compatible for Editor in 186.91 ms, found 3 plugins.
Preloading 0 native plugins for Editor in 0.00 ms.
Mono: successfully reloaded assembly
- Completed reload, in  2.051 seconds
Domain Reload Profiling:
	ReloadAssembly (2053ms)
		BeginReloadAssembly (123ms)
			ExecutionOrderSort (0ms)
			DisableScriptedObjects (6ms)
			BackupInstance (0ms)
			ReleaseScriptingObjects (0ms)
			CreateAndSetChildDomain (23ms)
		EndReloadAssembly (1809ms)
			LoadAssemblies (109ms)
			RebuildTransferFunctionScriptingTraits (0ms)
			SetupTypeCache (334ms)
			ReleaseScriptCaches (1ms)
			RebuildScriptCaches (117ms)
			SetupLoadedEditorAssemblies (1196ms)
				LogAssemblyErrors (0ms)
				InitializePlatformSupportModulesInManaged (6ms)
				SetLoadedEditorAssemblies (0ms)
				RefreshPlugins (187ms)
				BeforeProcessingInitializeOnLoad (153ms)
				ProcessInitializeOnLoadAttributes (536ms)
				ProcessInitializeOnLoadMethodAttributes (307ms)
				AfterProcessingInitializeOnLoad (6ms)
				EditorAssembliesLoaded (0ms)
			ExecutionOrderSort2 (0ms)
			AwakeInstancesAfterBackupRestoration (7ms)
Platform modules already initialized, skipping
========================================================================
Worker process is ready to serve import requests
Launched and connected shader compiler UnityShaderCompiler.exe after 0.07 seconds
Refreshing native plugins compatible for Editor in 1.63 ms, found 3 plugins.
Preloading 0 native plugins for Editor in 0.00 ms.
Unloading 7182 Unused Serialized files (Serialized files now loaded: 0)
Unloading 122 unused Assets / (9.1 MB). Loaded Objects now: 7618.
Memory consumption went from 344.1 MB to 334.9 MB.
Total: 9.443800 ms (FindLiveObjects: 0.987600 ms CreateObjectMapping: 0.834800 ms MarkObjects: 4.235200 ms  DeleteObjects: 3.384800 ms)

AssetImportParameters requested are different than current active one (requested -> active):
  custom:video-decoder-ogg-theora: a1e56fd34408186e4bbccfd4996cb3dc -> 
  custom:container-muxer-webm: aa71ff27fc2769a1b78a27578f13a17b -> 
  custom:container-demuxer-webm: 4f35f7cbe854078d1ac9338744f61a02 -> 
  custom:video-encoder-webm-vp8: eb34c28f22e8b96e1ab97ce403110664 -> 
  custom:video-codec-MediaFoundation-h265: 746d11721c4dcdbdad8f713fa42b33f4 -> 
  custom:audio-encoder-webm-vorbis: bf7c407c2cedff20999df2af8eb42d56 -> 
  custom:framework-win-MediaFoundation: 216162199b28c13a410421893ffa2e32 -> 
  custom:container-demuxer-ogg: 62fdf1f143b41e24485cea50d1cbac27 -> 
  custom:video-decoder-webm-vp8: 9c59270c3fd7afecdb556c50c9e8de78 -> 
  custom:audio-decoder-ogg-vorbis: bf7c407c2cedff20999df2af8eb42d56 -> 
========================================================================
Received Import Request.
  Time since last request: 306281.580412 seconds.
  path: Assets/Composition/Prefabs/Mesas
  artifactKey: Guid(6e13eb4299d51c243bf65a8322708054) Importer(815301076,1909f56bfc062723c751e8b465ee728b)
Start importing Assets/Composition/Prefabs/Mesas using Guid(6e13eb4299d51c243bf65a8322708054) Importer(815301076,1909f56bfc062723c751e8b465ee728b)  -> (artifact id: 'f9699107c5ea73482fbdc537f777c702') in 0.021763 seconds 
========================================================================
Received Import Request.
  Time since last request: 0.000048 seconds.
  path: Assets/Composition/Prefabs/Mesas/Dining table round for 4 people-fbx.FBX
  artifactKey: Guid(bb53617020bef0747a0c3d8f68b7b8ef) Importer(815301076,1909f56bfc062723c751e8b465ee728b)
Start importing Assets/Composition/Prefabs/Mesas/Dining table round for 4 people-fbx.FBX using Guid(bb53617020bef0747a0c3d8f68b7b8ef) Importer(815301076,1909f56bfc062723c751e8b465ee728b)  -> (artifact id: 'ad40467fbfdd6125b64518889fb582b2') in 1.015927 seconds 
========================================================================
Received Import Request.
  Time since last request: 58.900897 seconds.
  path: Assets/Composition/Prefabs/Mesas/West Elm_Tripod Table_FBX.FBX
  artifactKey: Guid(087569b0ebfe7574793cfad6422528ff) Importer(815301076,1909f56bfc062723c751e8b465ee728b)
Start importing Assets/Composition/Prefabs/Mesas/West Elm_Tripod Table_FBX.FBX using Guid(087569b0ebfe7574793cfad6422528ff) Importer(815301076,1909f56bfc062723c751e8b465ee728b)  -> (artifact id: '9defd3eb2e2c7eb995ee92bb59db1be1') in 0.300818 seconds 
========================================================================
Received Prepare
Registering precompiled user dll's ...
Registered in 0.005177 seconds.
Begin MonoManager ReloadAssembly
Symbol file LoadedFromMemory doesn't match image C:\Users\carlo\OneDrive\Escritorio\Autodidacta\Library\PackageCache\com.unity.visualscripting@1.7.8\Editor\VisualScripting.Core\Dependencies\YamlDotNet\Unity.VisualScripting.YamlDotNet.dll
Symbol file LoadedFromMemory doesn't match image C:\Users\carlo\OneDrive\Escritorio\Autodidacta\Library\PackageCache\com.unity.visualscripting@1.7.8\Editor\VisualScripting.Core\Dependencies\DotNetZip\Unity.VisualScripting.IonicZip.dll
Native extension for WindowsStandalone target not found
Native extension for WebGL target not found
Refreshing native plugins compatible for Editor in 1.56 ms, found 3 plugins.
Preloading 0 native plugins for Editor in 0.00 ms.
Mono: successfully reloaded assembly
- Completed reload, in  1.589 seconds
Domain Reload Profiling:
	ReloadAssembly (1590ms)
		BeginReloadAssembly (196ms)
			ExecutionOrderSort (0ms)
			DisableScriptedObjects (34ms)
			BackupInstance (0ms)
			ReleaseScriptingObjects (0ms)
			CreateAndSetChildDomain (64ms)
		EndReloadAssembly (1297ms)
			LoadAssemblies (99ms)
			RebuildTransferFunctionScriptingTraits (0ms)
			SetupTypeCache (324ms)
			ReleaseScriptCaches (3ms)
			RebuildScriptCaches (83ms)
			SetupLoadedEditorAssemblies (616ms)
				LogAssemblyErrors (0ms)
				InitializePlatformSupportModulesInManaged (14ms)
				SetLoadedEditorAssemblies (0ms)
				RefreshPlugins (2ms)
				BeforeProcessingInitializeOnLoad (112ms)
				ProcessInitializeOnLoadAttributes (453ms)
				ProcessInitializeOnLoadMethodAttributes (30ms)
				AfterProcessingInitializeOnLoad (5ms)
				EditorAssembliesLoaded (0ms)
			ExecutionOrderSort2 (0ms)
			AwakeInstancesAfterBackupRestoration (37ms)
Platform modules already initialized, skipping
Refreshing native plugins compatible for Editor in 3.11 ms, found 3 plugins.
Preloading 0 native plugins for Editor in 0.00 ms.
Unloading 6828 Unused Serialized files (Serialized files now loaded: 0)
Unloading 91 unused Assets / (9.1 MB). Loaded Objects now: 7789.
Memory consumption went from 332.9 MB to 323.8 MB.
Total: 8.547200 ms (FindLiveObjects: 0.663300 ms CreateObjectMapping: 0.677000 ms MarkObjects: 4.038100 ms  DeleteObjects: 3.166000 ms)

AssetImportParameters requested are different than current active one (requested -> active):
  custom:video-decoder-ogg-theora: a1e56fd34408186e4bbccfd4996cb3dc -> 
  custom:container-muxer-webm: aa71ff27fc2769a1b78a27578f13a17b -> 
  custom:container-demuxer-webm: 4f35f7cbe854078d1ac9338744f61a02 -> 
  custom:video-encoder-webm-vp8: eb34c28f22e8b96e1ab97ce403110664 -> 
  custom:video-codec-MediaFoundation-h265: 746d11721c4dcdbdad8f713fa42b33f4 -> 
  custom:audio-encoder-webm-vorbis: bf7c407c2cedff20999df2af8eb42d56 -> 
  custom:framework-win-MediaFoundation: 216162199b28c13a410421893ffa2e32 -> 
  custom:container-demuxer-ogg: 62fdf1f143b41e24485cea50d1cbac27 -> 
  custom:video-decoder-webm-vp8: 9c59270c3fd7afecdb556c50c9e8de78 -> 
  custom:audio-decoder-ogg-vorbis: bf7c407c2cedff20999df2af8eb42d56 -> 
========================================================================
Received Prepare
Registering precompiled user dll's ...
Registered in 0.005190 seconds.
Begin MonoManager ReloadAssembly
Symbol file LoadedFromMemory doesn't match image C:\Users\carlo\OneDrive\Escritorio\Autodidacta\Library\PackageCache\com.unity.visualscripting@1.7.8\Editor\VisualScripting.Core\Dependencies\YamlDotNet\Unity.VisualScripting.YamlDotNet.dll
Symbol file LoadedFromMemory doesn't match image C:\Users\carlo\OneDrive\Escritorio\Autodidacta\Library\PackageCache\com.unity.visualscripting@1.7.8\Editor\VisualScripting.Core\Dependencies\DotNetZip\Unity.VisualScripting.IonicZip.dll
Native extension for WindowsStandalone target not found
Native extension for WebGL target not found
Refreshing native plugins compatible for Editor in 1.66 ms, found 3 plugins.
Preloading 0 native plugins for Editor in 0.00 ms.
Mono: successfully reloaded assembly
- Completed reload, in  1.823 seconds
Domain Reload Profiling:
	ReloadAssembly (1823ms)
		BeginReloadAssembly (196ms)
			ExecutionOrderSort (0ms)
			DisableScriptedObjects (6ms)
			BackupInstance (0ms)
			ReleaseScriptingObjects (0ms)
			CreateAndSetChildDomain (72ms)
		EndReloadAssembly (1497ms)
			LoadAssemblies (141ms)
			RebuildTransferFunctionScriptingTraits (0ms)
			SetupTypeCache (459ms)
			ReleaseScriptCaches (4ms)
			RebuildScriptCaches (85ms)
			SetupLoadedEditorAssemblies (626ms)
				LogAssemblyErrors (0ms)
				InitializePlatformSupportModulesInManaged (17ms)
				SetLoadedEditorAssemblies (0ms)
				RefreshPlugins (2ms)
				BeforeProcessingInitializeOnLoad (104ms)
				ProcessInitializeOnLoadAttributes (458ms)
				ProcessInitializeOnLoadMethodAttributes (39ms)
				AfterProcessingInitializeOnLoad (6ms)
				EditorAssembliesLoaded (0ms)
			ExecutionOrderSort2 (0ms)
			AwakeInstancesAfterBackupRestoration (40ms)
Platform modules already initialized, skipping
Refreshing native plugins compatible for Editor in 3.20 ms, found 3 plugins.
Preloading 0 native plugins for Editor in 0.00 ms.
Unloading 6828 Unused Serialized files (Serialized files now loaded: 0)
Unloading 91 unused Assets / (9.1 MB). Loaded Objects now: 7804.
Memory consumption went from 332.7 MB to 323.6 MB.
Total: 11.274700 ms (FindLiveObjects: 1.126000 ms CreateObjectMapping: 1.208900 ms MarkObjects: 5.022800 ms  DeleteObjects: 3.915200 ms)

AssetImportParameters requested are different than current active one (requested -> active):
  custom:video-decoder-ogg-theora: a1e56fd34408186e4bbccfd4996cb3dc -> 
  custom:container-muxer-webm: aa71ff27fc2769a1b78a27578f13a17b -> 
  custom:container-demuxer-webm: 4f35f7cbe854078d1ac9338744f61a02 -> 
  custom:video-encoder-webm-vp8: eb34c28f22e8b96e1ab97ce403110664 -> 
  custom:video-codec-MediaFoundation-h265: 746d11721c4dcdbdad8f713fa42b33f4 -> 
  custom:audio-encoder-webm-vorbis: bf7c407c2cedff20999df2af8eb42d56 -> 
  custom:framework-win-MediaFoundation: 216162199b28c13a410421893ffa2e32 -> 
  custom:container-demuxer-ogg: 62fdf1f143b41e24485cea50d1cbac27 -> 
  custom:video-decoder-webm-vp8: 9c59270c3fd7afecdb556c50c9e8de78 -> 
  custom:audio-decoder-ogg-vorbis: bf7c407c2cedff20999df2af8eb42d56 -> 
========================================================================
Received Import Request.
  Time since last request: 511.311408 seconds.
  path: Assets/Composition/Prefabs/PostesDeLuz/Lamppost_01.FBX
  artifactKey: Guid(170e7a705ac84514480d5859520bf86c) Importer(815301076,1909f56bfc062723c751e8b465ee728b)
Start importing Assets/Composition/Prefabs/PostesDeLuz/Lamppost_01.FBX using Guid(170e7a705ac84514480d5859520bf86c) Importer(815301076,1909f56bfc062723c751e8b465ee728b)  -> (artifact id: 'd89a339f233331f9b3528beac7fabb0c') in 1.076156 seconds 
========================================================================
Received Import Request.
  Time since last request: 0.000066 seconds.
  path: Assets/Composition/Prefabs/PostesDeLuz/lighting.fbx
  artifactKey: Guid(1ade3d8f7f6684f41b6fb98bbfafb82b) Importer(815301076,1909f56bfc062723c751e8b465ee728b)
Start importing Assets/Composition/Prefabs/PostesDeLuz/lighting.fbx using Guid(1ade3d8f7f6684f41b6fb98bbfafb82b) Importer(815301076,1909f56bfc062723c751e8b465ee728b)  -> (artifact id: '83588ae4fa003d32d8cf4cf598cf582c') in 0.417230 seconds 
========================================================================
Received Import Request.
  Time since last request: 383.084497 seconds.
  path: Assets/Composition/Prefabs/SeñalesDeTransito/source/NoSigns.fbx
  artifactKey: Guid(89bde92313d781e4db88ad2726ba0428) Importer(815301076,1909f56bfc062723c751e8b465ee728b)
Start importing Assets/Composition/Prefabs/SeñalesDeTransito/source/NoSigns.fbx using Guid(89bde92313d781e4db88ad2726ba0428) Importer(815301076,1909f56bfc062723c751e8b465ee728b)  -> (artifact id: 'b786cdbec0c03bb616f46ac242caaae6') in 0.461783 seconds 
========================================================================
Received Import Request.
  Time since last request: 22.437460 seconds.
  path: Assets/Composition/Prefabs/SeñalesDeTransito/source/Traffic_light_1k.jpg
  artifactKey: Guid(7b0b4d03a772066468e51df01850f246) Importer(815301076,1909f56bfc062723c751e8b465ee728b)
Start importing Assets/Composition/Prefabs/SeñalesDeTransito/source/Traffic_light_1k.jpg using Guid(7b0b4d03a772066468e51df01850f246) Importer(815301076,1909f56bfc062723c751e8b465ee728b)  -> (artifact id: '73bc5c1cb32a4e6727edac5a2f4c6a4f') in 0.078011 seconds 
========================================================================
Received Import Request.
  Time since last request: 42.262466 seconds.
  path: Assets/Composition/Prefabs/SeñalesDeTransito/StopSign/Render1.png
  artifactKey: Guid(bb3c8adb578ecc0478aeec3f2afc3268) Importer(815301076,1909f56bfc062723c751e8b465ee728b)
Start importing Assets/Composition/Prefabs/SeñalesDeTransito/StopSign/Render1.png using Guid(bb3c8adb578ecc0478aeec3f2afc3268) Importer(815301076,1909f56bfc062723c751e8b465ee728b)  -> (artifact id: '1709f4a391bee7e31a20c4b2e23d5a4e') in 0.026122 seconds 
========================================================================
Received Import Request.
  Time since last request: 0.000043 seconds.
  path: Assets/Composition/Prefabs/SeñalesDeTransito/StopSign/stopsign.dae
  artifactKey: Guid(54b9350db8b70b64fbcc6c5274858876) Importer(815301076,1909f56bfc062723c751e8b465ee728b)
Start importing Assets/Composition/Prefabs/SeñalesDeTransito/StopSign/stopsign.dae using Guid(54b9350db8b70b64fbcc6c5274858876) Importer(815301076,1909f56bfc062723c751e8b465ee728b)  -> (artifact id: '0f77116fd2960871e343801422a14a00') in 0.353544 seconds 
========================================================================
Received Import Request.
  Time since last request: 0.000058 seconds.
  path: Assets/Composition/Prefabs/SeñalesDeTransito/StopSign/StopSign.3ds
  artifactKey: Guid(884c4c461ec75af4bb93f3f02a149c37) Importer(815301076,1909f56bfc062723c751e8b465ee728b)
Start importing Assets/Composition/Prefabs/SeñalesDeTransito/StopSign/StopSign.3ds using Guid(884c4c461ec75af4bb93f3f02a149c37) Importer(815301076,1909f56bfc062723c751e8b465ee728b)  -> (artifact id: '67bb7b8c572a3e6fd43b9d375e533994') in 0.118246 seconds 
Editor requested this worker to shutdown with reason: Scaling down because of idle timeout
AssetImportWorker is now disconnected from the server
Process exiting
Exiting without the bug reporter. Application will terminate with return code 0